<?xml version="1.0" encoding="UTF-8"?>
  <testsuites tests="0" disabled="0" errors="0" failures="0" time="0">
      <testsuite name="" package="/Users/nicolaifurtado/Library/Mobile Documents/com~apple~CloudDocs/Trabalhos/Personal/Go/dinerFlow" tests="0" disabled="0" skipped="0" errors="0" failures="0" time="0" timestamp="0001-01-01T00:00:00">
          <properties>
              <property name="SuiteSucceeded" value="false"></property>
              <property name="SuiteHasProgrammaticFocus" value="false"></property>
              <property name="SpecialSuiteFailureReason" value="Failed to compile dinerFlow:&#xA;&#xA;# dinerFlow_test [dinerFlow.test]&#xA;./auth_test.go:5:2: &#34;github.com/onsi/gomega&#34; imported and not used&#xA;./auth_test.go:7:2: &#34;dinerFlow&#34; imported as main and not used&#xA;"></property>
              <property name="SuiteLabels" value="[]"></property>
              <property name="RandomSeed" value="1748950775"></property>
              <property name="RandomizeAllSpecs" value="false"></property>
              <property name="LabelFilter" value=""></property>
              <property name="FocusStrings" value=""></property>
              <property name="SkipStrings" value=""></property>
              <property name="FocusFiles" value=""></property>
              <property name="SkipFiles" value=""></property>
              <property name="FailOnPending" value="false"></property>
              <property name="FailOnEmpty" value="false"></property>
              <property name="FailFast" value="false"></property>
              <property name="FlakeAttempts" value="0"></property>
              <property name="DryRun" value="false"></property>
              <property name="ParallelTotal" value="1"></property>
              <property name="OutputInterceptorMode" value=""></property>
          </properties>
      </testsuite>
  </testsuites>